2023-08-02T15:13:04.025-0400 ERROR ERROR: duplicate key value violates unique constraint "manager_name_key"
  Detail: Key (name)=(ddc) already exists.
2023-08-02T15:24:45.662-0400 ERROR ERROR: duplicate key value violates unique constraint "manager_name_key"
  Detail: Key (name)=(John Doe) already exists.
2023-08-02T15:48:11.158-0400 ERROR ERROR: update or delete on table "manager" violates foreign key constraint "client_product_hold" on table "client"
  Detail: Key (id)=(15) is still referenced from table "client".
2023-08-02T16:07:36.951-0400 ERROR ERROR: null value in column "manager_id" of relation "client" violates not-null constraint
  Detail: Failing row contains (22, client11, password123, First, Last, updated_client11@example.com, 2023-08-02, null).
2023-08-02T16:08:14.048-0400 ERROR ERROR: null value in column "manager_id" of relation "client" violates not-null constraint
  Detail: Failing row contains (23, client11, password123, First, Last, updated_client11@example.com, 2023-08-02, null).
2023-08-08T17:35:21.729-0400 ERROR ERROR: duplicate key value violates unique constraint "manager_name_key"
  Detail: Key (name)=(John Doe) already exists.
2023-08-09T14:54:01.074-0400 ERROR ERROR: duplicate key value violates unique constraint "manager_name_key"
  Detail: Key (name)=(Jim12) already exists.
2023-08-09T14:54:43.777-0400 ERROR ERROR: duplicate key value violates unique constraint "manager_name_key"
  Detail: Key (name)=(test1) already exists.
2023-08-09T14:55:07.772-0400 ERROR ERROR: duplicate key value violates unique constraint "manager_name_key"
  Detail: Key (name)=(test1) already exists.
2023-09-11T20:54:26.111-0400 ERROR ERROR: column "confirmed" is of type bit but expression is of type boolean
  Hint: You will need to rewrite or cast the expression.
  Position: 83
2023-09-11T20:55:10.356-0400 ERROR ERROR: column "confirmed" is of type bit but expression is of type boolean
  Hint: You will need to rewrite or cast the expression.
  Position: 83
2023-09-11T20:58:14.731-0400 ERROR ERROR: column "confirmed" is of type bit but expression is of type boolean
  Hint: You will need to rewrite or cast the expression.
  Position: 83
2023-09-11T21:05:12.781-0400 ERROR Bad value for type byte : t
2023-09-11T21:05:19.416-0400 ERROR Bad value for type byte : t
2023-09-11T21:05:55.497-0400 ERROR Bad value for type byte : t
2023-09-11T21:06:29.639-0400 ERROR Bad value for type byte : t
2023-09-11T21:09:52.273-0400 ERROR Bad value for type byte : t
2023-09-11T21:14:48.238-0400 ERROR Bad value for type byte : t
2023-09-12T10:02:30.811-0400 ERROR Bad value for type byte : t
2023-09-12T10:02:36.051-0400 ERROR Bad value for type byte : t
